  GameplayState.cpp
D:\STUDYING\CODE\SS004_KNNN\Snake_Game\src\GameplayState.cpp(24,13): warning C4244: 'argument': conversion from 'time_t' to 'unsigned int', possible loss of data
D:\STUDYING\CODE\SS004_KNNN\Snake_Game\src\GameplayState.cpp(205,99): warning C4244: 'argument': conversion from 'int' to 'T', possible loss of data
D:\STUDYING\CODE\SS004_KNNN\Snake_Game\src\GameplayState.cpp(205,99): warning C4244:         with
D:\STUDYING\CODE\SS004_KNNN\Snake_Game\src\GameplayState.cpp(205,99): warning C4244:         [
D:\STUDYING\CODE\SS004_KNNN\Snake_Game\src\GameplayState.cpp(205,99): warning C4244:             T=float
D:\STUDYING\CODE\SS004_KNNN\Snake_Game\src\GameplayState.cpp(205,99): warning C4244:         ]
D:\STUDYING\CODE\SS004_KNNN\Snake_Game\src\GameplayState.cpp(205,80): warning C4244: 'argument': conversion from 'int' to 'T', possible loss of data
D:\STUDYING\CODE\SS004_KNNN\Snake_Game\src\GameplayState.cpp(205,80): warning C4244:         with
D:\STUDYING\CODE\SS004_KNNN\Snake_Game\src\GameplayState.cpp(205,80): warning C4244:         [
D:\STUDYING\CODE\SS004_KNNN\Snake_Game\src\GameplayState.cpp(205,80): warning C4244:             T=float
D:\STUDYING\CODE\SS004_KNNN\Snake_Game\src\GameplayState.cpp(205,80): warning C4244:         ]
D:\STUDYING\CODE\SS004_KNNN\Snake_Game\src\GameplayState.cpp(214,98): warning C4244: 'argument': conversion from 'int' to 'T', possible loss of data
D:\STUDYING\CODE\SS004_KNNN\Snake_Game\src\GameplayState.cpp(214,98): warning C4244:         with
D:\STUDYING\CODE\SS004_KNNN\Snake_Game\src\GameplayState.cpp(214,98): warning C4244:         [
D:\STUDYING\CODE\SS004_KNNN\Snake_Game\src\GameplayState.cpp(214,98): warning C4244:             T=float
D:\STUDYING\CODE\SS004_KNNN\Snake_Game\src\GameplayState.cpp(214,98): warning C4244:         ]
D:\STUDYING\CODE\SS004_KNNN\Snake_Game\src\GameplayState.cpp(214,79): warning C4244: 'argument': conversion from 'int' to 'T', possible loss of data
D:\STUDYING\CODE\SS004_KNNN\Snake_Game\src\GameplayState.cpp(214,79): warning C4244:         with
D:\STUDYING\CODE\SS004_KNNN\Snake_Game\src\GameplayState.cpp(214,79): warning C4244:         [
D:\STUDYING\CODE\SS004_KNNN\Snake_Game\src\GameplayState.cpp(214,79): warning C4244:             T=float
D:\STUDYING\CODE\SS004_KNNN\Snake_Game\src\GameplayState.cpp(214,79): warning C4244:         ]
D:\STUDYING\CODE\SS004_KNNN\Snake_Game\src\GameplayState.cpp(223,96): warning C4244: 'argument': conversion from 'int' to 'T', possible loss of data
D:\STUDYING\CODE\SS004_KNNN\Snake_Game\src\GameplayState.cpp(223,96): warning C4244:         with
D:\STUDYING\CODE\SS004_KNNN\Snake_Game\src\GameplayState.cpp(223,96): warning C4244:         [
D:\STUDYING\CODE\SS004_KNNN\Snake_Game\src\GameplayState.cpp(223,96): warning C4244:             T=float
D:\STUDYING\CODE\SS004_KNNN\Snake_Game\src\GameplayState.cpp(223,96): warning C4244:         ]
D:\STUDYING\CODE\SS004_KNNN\Snake_Game\src\GameplayState.cpp(223,77): warning C4244: 'argument': conversion from 'int' to 'T', possible loss of data
D:\STUDYING\CODE\SS004_KNNN\Snake_Game\src\GameplayState.cpp(223,77): warning C4244:         with
D:\STUDYING\CODE\SS004_KNNN\Snake_Game\src\GameplayState.cpp(223,77): warning C4244:         [
D:\STUDYING\CODE\SS004_KNNN\Snake_Game\src\GameplayState.cpp(223,77): warning C4244:             T=float
D:\STUDYING\CODE\SS004_KNNN\Snake_Game\src\GameplayState.cpp(223,77): warning C4244:         ]
D:\STUDYING\CODE\SS004_KNNN\Snake_Game\src\GameplayState.cpp(232,92): warning C4244: 'argument': conversion from 'int' to 'T', possible loss of data
D:\STUDYING\CODE\SS004_KNNN\Snake_Game\src\GameplayState.cpp(232,92): warning C4244:         with
D:\STUDYING\CODE\SS004_KNNN\Snake_Game\src\GameplayState.cpp(232,92): warning C4244:         [
D:\STUDYING\CODE\SS004_KNNN\Snake_Game\src\GameplayState.cpp(232,92): warning C4244:             T=float
D:\STUDYING\CODE\SS004_KNNN\Snake_Game\src\GameplayState.cpp(232,92): warning C4244:         ]
D:\STUDYING\CODE\SS004_KNNN\Snake_Game\src\GameplayState.cpp(232,73): warning C4244: 'argument': conversion from 'int' to 'T', possible loss of data
D:\STUDYING\CODE\SS004_KNNN\Snake_Game\src\GameplayState.cpp(232,73): warning C4244:         with
D:\STUDYING\CODE\SS004_KNNN\Snake_Game\src\GameplayState.cpp(232,73): warning C4244:         [
D:\STUDYING\CODE\SS004_KNNN\Snake_Game\src\GameplayState.cpp(232,73): warning C4244:             T=float
D:\STUDYING\CODE\SS004_KNNN\Snake_Game\src\GameplayState.cpp(232,73): warning C4244:         ]
D:\STUDYING\CODE\SS004_KNNN\Snake_Game\src\GameplayState.cpp(242,92): warning C4244: 'argument': conversion from 'int' to 'T', possible loss of data
D:\STUDYING\CODE\SS004_KNNN\Snake_Game\src\GameplayState.cpp(242,92): warning C4244:         with
D:\STUDYING\CODE\SS004_KNNN\Snake_Game\src\GameplayState.cpp(242,92): warning C4244:         [
D:\STUDYING\CODE\SS004_KNNN\Snake_Game\src\GameplayState.cpp(242,92): warning C4244:             T=float
D:\STUDYING\CODE\SS004_KNNN\Snake_Game\src\GameplayState.cpp(242,92): warning C4244:         ]
D:\STUDYING\CODE\SS004_KNNN\Snake_Game\src\GameplayState.cpp(242,73): warning C4244: 'argument': conversion from 'int' to 'T', possible loss of data
D:\STUDYING\CODE\SS004_KNNN\Snake_Game\src\GameplayState.cpp(242,73): warning C4244:         with
D:\STUDYING\CODE\SS004_KNNN\Snake_Game\src\GameplayState.cpp(242,73): warning C4244:         [
D:\STUDYING\CODE\SS004_KNNN\Snake_Game\src\GameplayState.cpp(242,73): warning C4244:             T=float
D:\STUDYING\CODE\SS004_KNNN\Snake_Game\src\GameplayState.cpp(242,73): warning C4244:         ]
D:\STUDYING\CODE\SS004_KNNN\Snake_Game\src\GameplayState.cpp(251,92): warning C4244: 'argument': conversion from 'int' to 'T', possible loss of data
D:\STUDYING\CODE\SS004_KNNN\Snake_Game\src\GameplayState.cpp(251,92): warning C4244:         with
D:\STUDYING\CODE\SS004_KNNN\Snake_Game\src\GameplayState.cpp(251,92): warning C4244:         [
D:\STUDYING\CODE\SS004_KNNN\Snake_Game\src\GameplayState.cpp(251,92): warning C4244:             T=float
D:\STUDYING\CODE\SS004_KNNN\Snake_Game\src\GameplayState.cpp(251,92): warning C4244:         ]
D:\STUDYING\CODE\SS004_KNNN\Snake_Game\src\GameplayState.cpp(251,73): warning C4244: 'argument': conversion from 'int' to 'T', possible loss of data
D:\STUDYING\CODE\SS004_KNNN\Snake_Game\src\GameplayState.cpp(251,73): warning C4244:         with
D:\STUDYING\CODE\SS004_KNNN\Snake_Game\src\GameplayState.cpp(251,73): warning C4244:         [
D:\STUDYING\CODE\SS004_KNNN\Snake_Game\src\GameplayState.cpp(251,73): warning C4244:             T=float
D:\STUDYING\CODE\SS004_KNNN\Snake_Game\src\GameplayState.cpp(251,73): warning C4244:         ]
D:\STUDYING\CODE\SS004_KNNN\Snake_Game\src\GameplayState.cpp(260,92): warning C4244: 'argument': conversion from 'int' to 'T', possible loss of data
D:\STUDYING\CODE\SS004_KNNN\Snake_Game\src\GameplayState.cpp(260,92): warning C4244:         with
D:\STUDYING\CODE\SS004_KNNN\Snake_Game\src\GameplayState.cpp(260,92): warning C4244:         [
D:\STUDYING\CODE\SS004_KNNN\Snake_Game\src\GameplayState.cpp(260,92): warning C4244:             T=float
D:\STUDYING\CODE\SS004_KNNN\Snake_Game\src\GameplayState.cpp(260,92): warning C4244:         ]
D:\STUDYING\CODE\SS004_KNNN\Snake_Game\src\GameplayState.cpp(260,73): warning C4244: 'argument': conversion from 'int' to 'T', possible loss of data
D:\STUDYING\CODE\SS004_KNNN\Snake_Game\src\GameplayState.cpp(260,73): warning C4244:         with
D:\STUDYING\CODE\SS004_KNNN\Snake_Game\src\GameplayState.cpp(260,73): warning C4244:         [
D:\STUDYING\CODE\SS004_KNNN\Snake_Game\src\GameplayState.cpp(260,73): warning C4244:             T=float
D:\STUDYING\CODE\SS004_KNNN\Snake_Game\src\GameplayState.cpp(260,73): warning C4244:         ]
D:\STUDYING\CODE\SS004_KNNN\Snake_Game\src\GameplayState.cpp(270,92): warning C4244: 'argument': conversion from 'int' to 'T', possible loss of data
D:\STUDYING\CODE\SS004_KNNN\Snake_Game\src\GameplayState.cpp(270,92): warning C4244:         with
D:\STUDYING\CODE\SS004_KNNN\Snake_Game\src\GameplayState.cpp(270,92): warning C4244:         [
D:\STUDYING\CODE\SS004_KNNN\Snake_Game\src\GameplayState.cpp(270,92): warning C4244:             T=float
D:\STUDYING\CODE\SS004_KNNN\Snake_Game\src\GameplayState.cpp(270,92): warning C4244:         ]
D:\STUDYING\CODE\SS004_KNNN\Snake_Game\src\GameplayState.cpp(270,73): warning C4244: 'argument': conversion from 'int' to 'T', possible loss of data
D:\STUDYING\CODE\SS004_KNNN\Snake_Game\src\GameplayState.cpp(270,73): warning C4244:         with
D:\STUDYING\CODE\SS004_KNNN\Snake_Game\src\GameplayState.cpp(270,73): warning C4244:         [
D:\STUDYING\CODE\SS004_KNNN\Snake_Game\src\GameplayState.cpp(270,73): warning C4244:             T=float
D:\STUDYING\CODE\SS004_KNNN\Snake_Game\src\GameplayState.cpp(270,73): warning C4244:         ]
D:\STUDYING\CODE\SS004_KNNN\Snake_Game\src\GameplayState.cpp(279,96): warning C4244: 'argument': conversion from 'int' to 'T', possible loss of data
D:\STUDYING\CODE\SS004_KNNN\Snake_Game\src\GameplayState.cpp(279,96): warning C4244:         with
D:\STUDYING\CODE\SS004_KNNN\Snake_Game\src\GameplayState.cpp(279,96): warning C4244:         [
D:\STUDYING\CODE\SS004_KNNN\Snake_Game\src\GameplayState.cpp(279,96): warning C4244:             T=float
D:\STUDYING\CODE\SS004_KNNN\Snake_Game\src\GameplayState.cpp(279,96): warning C4244:         ]
D:\STUDYING\CODE\SS004_KNNN\Snake_Game\src\GameplayState.cpp(279,77): warning C4244: 'argument': conversion from 'int' to 'T', possible loss of data
D:\STUDYING\CODE\SS004_KNNN\Snake_Game\src\GameplayState.cpp(279,77): warning C4244:         with
D:\STUDYING\CODE\SS004_KNNN\Snake_Game\src\GameplayState.cpp(279,77): warning C4244:         [
D:\STUDYING\CODE\SS004_KNNN\Snake_Game\src\GameplayState.cpp(279,77): warning C4244:             T=float
D:\STUDYING\CODE\SS004_KNNN\Snake_Game\src\GameplayState.cpp(279,77): warning C4244:         ]
D:\STUDYING\CODE\SS004_KNNN\Snake_Game\src\GameplayState.cpp(446,20): warning C4305: '=': truncation from 'double' to 'float'
D:\STUDYING\CODE\SS004_KNNN\Snake_Game\src\GameplayState.cpp(452,20): warning C4305: '=': truncation from 'double' to 'float'
D:\STUDYING\CODE\SS004_KNNN\Snake_Game\src\GameplayState.cpp(455,20): warning C4305: '=': truncation from 'double' to 'float'
D:\STUDYING\CODE\SS004_KNNN\Snake_Game\src\GameplayState.cpp(458,20): warning C4305: '=': truncation from 'double' to 'float'
D:\STUDYING\CODE\SS004_KNNN\Snake_Game\src\GameplayState.cpp(465,20): warning C4305: '=': truncation from 'double' to 'float'
D:\STUDYING\CODE\SS004_KNNN\Snake_Game\src\GameplayState.cpp(503,51): warning C4244: 'argument': conversion from 'int' to 'float', possible loss of data
D:\STUDYING\CODE\SS004_KNNN\Snake_Game\src\GameplayState.cpp(502,68): warning C4244: 'argument': conversion from 'int' to 'float', possible loss of data
D:\STUDYING\CODE\SS004_KNNN\Snake_Game\src\GameplayState.cpp(507,28): warning C4305: '-=': truncation from 'double' to 'float'
D:\STUDYING\CODE\SS004_KNNN\Snake_Game\src\GameplayState.cpp(538,100): warning C4244: 'argument': conversion from 'int' to 'T', possible loss of data
D:\STUDYING\CODE\SS004_KNNN\Snake_Game\src\GameplayState.cpp(538,100): warning C4244:         with
D:\STUDYING\CODE\SS004_KNNN\Snake_Game\src\GameplayState.cpp(538,100): warning C4244:         [
D:\STUDYING\CODE\SS004_KNNN\Snake_Game\src\GameplayState.cpp(538,100): warning C4244:             T=float
D:\STUDYING\CODE\SS004_KNNN\Snake_Game\src\GameplayState.cpp(538,100): warning C4244:         ]
D:\STUDYING\CODE\SS004_KNNN\Snake_Game\src\GameplayState.cpp(538,81): warning C4244: 'argument': conversion from 'int' to 'T', possible loss of data
D:\STUDYING\CODE\SS004_KNNN\Snake_Game\src\GameplayState.cpp(538,81): warning C4244:         with
D:\STUDYING\CODE\SS004_KNNN\Snake_Game\src\GameplayState.cpp(538,81): warning C4244:         [
D:\STUDYING\CODE\SS004_KNNN\Snake_Game\src\GameplayState.cpp(538,81): warning C4244:             T=float
D:\STUDYING\CODE\SS004_KNNN\Snake_Game\src\GameplayState.cpp(538,81): warning C4244:         ]
D:\STUDYING\CODE\SS004_KNNN\Snake_Game\src\GameplayState.cpp(557,97): warning C4244: 'argument': conversion from 'int' to 'T', possible loss of data
D:\STUDYING\CODE\SS004_KNNN\Snake_Game\src\GameplayState.cpp(557,97): warning C4244:         with
D:\STUDYING\CODE\SS004_KNNN\Snake_Game\src\GameplayState.cpp(557,97): warning C4244:         [
D:\STUDYING\CODE\SS004_KNNN\Snake_Game\src\GameplayState.cpp(557,97): warning C4244:             T=float
D:\STUDYING\CODE\SS004_KNNN\Snake_Game\src\GameplayState.cpp(557,97): warning C4244:         ]
D:\STUDYING\CODE\SS004_KNNN\Snake_Game\src\GameplayState.cpp(557,78): warning C4244: 'argument': conversion from 'int' to 'T', possible loss of data
D:\STUDYING\CODE\SS004_KNNN\Snake_Game\src\GameplayState.cpp(557,78): warning C4244:         with
D:\STUDYING\CODE\SS004_KNNN\Snake_Game\src\GameplayState.cpp(557,78): warning C4244:         [
D:\STUDYING\CODE\SS004_KNNN\Snake_Game\src\GameplayState.cpp(557,78): warning C4244:             T=float
D:\STUDYING\CODE\SS004_KNNN\Snake_Game\src\GameplayState.cpp(557,78): warning C4244:         ]
D:\STUDYING\CODE\SS004_KNNN\Snake_Game\src\GameplayState.cpp(577,93): warning C4244: 'argument': conversion from 'int' to 'T', possible loss of data
D:\STUDYING\CODE\SS004_KNNN\Snake_Game\src\GameplayState.cpp(577,93): warning C4244:         with
D:\STUDYING\CODE\SS004_KNNN\Snake_Game\src\GameplayState.cpp(577,93): warning C4244:         [
D:\STUDYING\CODE\SS004_KNNN\Snake_Game\src\GameplayState.cpp(577,93): warning C4244:             T=float
D:\STUDYING\CODE\SS004_KNNN\Snake_Game\src\GameplayState.cpp(577,93): warning C4244:         ]
D:\STUDYING\CODE\SS004_KNNN\Snake_Game\src\GameplayState.cpp(577,74): warning C4244: 'argument': conversion from 'int' to 'T', possible loss of data
D:\STUDYING\CODE\SS004_KNNN\Snake_Game\src\GameplayState.cpp(577,74): warning C4244:         with
D:\STUDYING\CODE\SS004_KNNN\Snake_Game\src\GameplayState.cpp(577,74): warning C4244:         [
D:\STUDYING\CODE\SS004_KNNN\Snake_Game\src\GameplayState.cpp(577,74): warning C4244:             T=float
D:\STUDYING\CODE\SS004_KNNN\Snake_Game\src\GameplayState.cpp(577,74): warning C4244:         ]
D:\STUDYING\CODE\SS004_KNNN\Snake_Game\src\GameplayState.cpp(597,93): warning C4244: 'argument': conversion from 'int' to 'T', possible loss of data
D:\STUDYING\CODE\SS004_KNNN\Snake_Game\src\GameplayState.cpp(597,93): warning C4244:         with
D:\STUDYING\CODE\SS004_KNNN\Snake_Game\src\GameplayState.cpp(597,93): warning C4244:         [
D:\STUDYING\CODE\SS004_KNNN\Snake_Game\src\GameplayState.cpp(597,93): warning C4244:             T=float
D:\STUDYING\CODE\SS004_KNNN\Snake_Game\src\GameplayState.cpp(597,93): warning C4244:         ]
D:\STUDYING\CODE\SS004_KNNN\Snake_Game\src\GameplayState.cpp(597,74): warning C4244: 'argument': conversion from 'int' to 'T', possible loss of data
D:\STUDYING\CODE\SS004_KNNN\Snake_Game\src\GameplayState.cpp(597,74): warning C4244:         with
D:\STUDYING\CODE\SS004_KNNN\Snake_Game\src\GameplayState.cpp(597,74): warning C4244:         [
D:\STUDYING\CODE\SS004_KNNN\Snake_Game\src\GameplayState.cpp(597,74): warning C4244:             T=float
D:\STUDYING\CODE\SS004_KNNN\Snake_Game\src\GameplayState.cpp(597,74): warning C4244:         ]
D:\STUDYING\CODE\SS004_KNNN\Snake_Game\src\GameplayState.cpp(617,93): warning C4244: 'argument': conversion from 'int' to 'T', possible loss of data
D:\STUDYING\CODE\SS004_KNNN\Snake_Game\src\GameplayState.cpp(617,93): warning C4244:         with
D:\STUDYING\CODE\SS004_KNNN\Snake_Game\src\GameplayState.cpp(617,93): warning C4244:         [
D:\STUDYING\CODE\SS004_KNNN\Snake_Game\src\GameplayState.cpp(617,93): warning C4244:             T=float
D:\STUDYING\CODE\SS004_KNNN\Snake_Game\src\GameplayState.cpp(617,93): warning C4244:         ]
D:\STUDYING\CODE\SS004_KNNN\Snake_Game\src\GameplayState.cpp(617,74): warning C4244: 'argument': conversion from 'int' to 'T', possible loss of data
D:\STUDYING\CODE\SS004_KNNN\Snake_Game\src\GameplayState.cpp(617,74): warning C4244:         with
D:\STUDYING\CODE\SS004_KNNN\Snake_Game\src\GameplayState.cpp(617,74): warning C4244:         [
D:\STUDYING\CODE\SS004_KNNN\Snake_Game\src\GameplayState.cpp(617,74): warning C4244:             T=float
D:\STUDYING\CODE\SS004_KNNN\Snake_Game\src\GameplayState.cpp(617,74): warning C4244:         ]
D:\STUDYING\CODE\SS004_KNNN\Snake_Game\src\GameplayState.cpp(637,93): warning C4244: 'argument': conversion from 'int' to 'T', possible loss of data
D:\STUDYING\CODE\SS004_KNNN\Snake_Game\src\GameplayState.cpp(637,93): warning C4244:         with
D:\STUDYING\CODE\SS004_KNNN\Snake_Game\src\GameplayState.cpp(637,93): warning C4244:         [
D:\STUDYING\CODE\SS004_KNNN\Snake_Game\src\GameplayState.cpp(637,93): warning C4244:             T=float
D:\STUDYING\CODE\SS004_KNNN\Snake_Game\src\GameplayState.cpp(637,93): warning C4244:         ]
D:\STUDYING\CODE\SS004_KNNN\Snake_Game\src\GameplayState.cpp(637,74): warning C4244: 'argument': conversion from 'int' to 'T', possible loss of data
D:\STUDYING\CODE\SS004_KNNN\Snake_Game\src\GameplayState.cpp(637,74): warning C4244:         with
D:\STUDYING\CODE\SS004_KNNN\Snake_Game\src\GameplayState.cpp(637,74): warning C4244:         [
D:\STUDYING\CODE\SS004_KNNN\Snake_Game\src\GameplayState.cpp(637,74): warning C4244:             T=float
D:\STUDYING\CODE\SS004_KNNN\Snake_Game\src\GameplayState.cpp(637,74): warning C4244:         ]
D:\STUDYING\CODE\SS004_KNNN\Snake_Game\src\GameplayState.cpp(658,54): warning C4244: 'argument': conversion from 'int' to 'T', possible loss of data
D:\STUDYING\CODE\SS004_KNNN\Snake_Game\src\GameplayState.cpp(658,54): warning C4244:         with
D:\STUDYING\CODE\SS004_KNNN\Snake_Game\src\GameplayState.cpp(658,54): warning C4244:         [
D:\STUDYING\CODE\SS004_KNNN\Snake_Game\src\GameplayState.cpp(658,54): warning C4244:             T=float
D:\STUDYING\CODE\SS004_KNNN\Snake_Game\src\GameplayState.cpp(658,54): warning C4244:         ]
D:\STUDYING\CODE\SS004_KNNN\Snake_Game\src\GameplayState.cpp(658,35): warning C4244: 'argument': conversion from 'int' to 'T', possible loss of data
D:\STUDYING\CODE\SS004_KNNN\Snake_Game\src\GameplayState.cpp(658,35): warning C4244:         with
D:\STUDYING\CODE\SS004_KNNN\Snake_Game\src\GameplayState.cpp(658,35): warning C4244:         [
D:\STUDYING\CODE\SS004_KNNN\Snake_Game\src\GameplayState.cpp(658,35): warning C4244:             T=float
D:\STUDYING\CODE\SS004_KNNN\Snake_Game\src\GameplayState.cpp(658,35): warning C4244:         ]
  Snake_Game.vcxproj -> D:\STUDYING\CODE\SS004_KNNN\x64\Debug\Snake_Game.exe
